<?xml version="1.0" encoding="UTF-8"?>
<!-- Generated by org.testng.reporters.JUnitReportReporter -->
<testsuite skipped="0" hostname="LAPTOP-VVPR8BFK" name="com.qa.tests.DemoTest1" tests="3" failures="0" timestamp="09 Nov 2018 07:21:26 GMT" time="0.635" errors="0">
  <testcase name="sub1" time="0.003" classname="com.qa.tests.DemoTest1"/>
  <testcase name="excelDataValidate" time="0.626" classname="com.qa.tests.DemoTest1"/>
  <testcase name="sum1" time="0.006" classname="com.qa.tests.DemoTest1"/>
</testsuite> <!-- com.qa.tests.DemoTest1 -->
