<?xml version="1.0" encoding="UTF-8"?>
<!-- Generated by org.testng.reporters.JUnitReportReporter -->
<testsuite skipped="0" hostname="LAPTOP-VVPR8BFK" name="com.qa.tests.DemoTest" tests="2" failures="0" timestamp="10 Nov 2018 05:13:15 GMT" time="0.006" errors="0">
  <testcase name="sub" time="0.006" classname="com.qa.tests.DemoTest"/>
  <testcase name="sum" time="0.000" classname="com.qa.tests.DemoTest"/>
</testsuite> <!-- com.qa.tests.DemoTest -->
