<?xml version="1.0" encoding="UTF-8"?>
<!-- Generated by org.testng.reporters.JUnitReportReporter -->
<testsuite skipped="0" hostname="LAPTOP-VVPR8BFK" name="com.qa.tests.DemoTest1" tests="2" failures="0" timestamp="05 Nov 2018 06:38:32 GMT" time="0.000" errors="0">
  <testcase name="sum1" time="0.000" classname="com.qa.tests.DemoTest1"/>
  <testcase name="sub1" time="0.000" classname="com.qa.tests.DemoTest1"/>
</testsuite> <!-- com.qa.tests.DemoTest1 -->
